<?xml version="1.0" encoding="UTF-8"?>
<testsuite name="demos.EquivalentStringsTest" tests="6" skipped="0" failures="0" errors="0" timestamp="2021-10-28T20:26:27" hostname="DESKTOP-VF6F7ON" time="0.012">
  <properties/>
  <testcase name="testEquivalentStringsCocoonAndXyxyyz()" classname="demos.EquivalentStringsTest" time="0.005"/>
  <testcase name="testEquivalentStringsBananaAndOrange()" classname="demos.EquivalentStringsTest" time="0.001"/>
  <testcase name="testEquivalentStringsBridgeAndXylophone()" classname="demos.EquivalentStringsTest" time="0.001"/>
  <testcase name="testEquivalentStringsOneArgument()" classname="demos.EquivalentStringsTest" time="0.001"/>
  <testcase name="testEquivalentStringsNoArguments()" classname="demos.EquivalentStringsTest" time="0.001"/>
  <testcase name="testEquivalentStringsMoreThanTwoArguments()" classname="demos.EquivalentStringsTest" time="0.0"/>
  <system-out><![CDATA[]]></system-out>
  <system-err><![CDATA[]]></system-err>
</testsuite>
