<?xml version="1.0" encoding="UTF-8"?>
<testsuite name="demos.MaximalLayersTest" tests="7" skipped="0" failures="0" errors="0" timestamp="2021-11-17T15:35:45" hostname="DESKTOP-VF6F7ON" time="0.018">
  <properties/>
  <testcase name="testOneLayer()" classname="demos.MaximalLayersTest" time="0.004"/>
  <testcase name="testThreeLayers()" classname="demos.MaximalLayersTest" time="0.001"/>
  <testcase name="testTwoLayers()" classname="demos.MaximalLayersTest" time="0.001"/>
  <testcase name="testSortedXAndSortedY()" classname="demos.MaximalLayersTest" time="0.001"/>
  <testcase name="testSortedX()" classname="demos.MaximalLayersTest" time="0.001"/>
  <testcase name="testSortedY()" classname="demos.MaximalLayersTest" time="0.002"/>
  <testcase name="testLayerWithTwoMaximalPoints()" classname="demos.MaximalLayersTest" time="0.001"/>
  <system-out><![CDATA[]]></system-out>
  <system-err><![CDATA[]]></system-err>
</testsuite>
