<?xml version="1.0" encoding="UTF-8"?>
<testsuite name="demos.OverlappingRectanglesTest" tests="6" skipped="0" failures="0" errors="0" timestamp="2021-11-17T15:35:45" hostname="DESKTOP-VF6F7ON" time="0.011">
  <properties/>
  <testcase name="testPositiveOverlap()" classname="demos.OverlappingRectanglesTest" time="0.003"/>
  <testcase name="testMain()" classname="demos.OverlappingRectanglesTest" time="0.001"/>
  <testcase name="testMainException()" classname="demos.OverlappingRectanglesTest" time="0.001"/>
  <testcase name="testPositiveOverlap2()" classname="demos.OverlappingRectanglesTest" time="0.001"/>
  <testcase name="testPositiveOverlap3()" classname="demos.OverlappingRectanglesTest" time="0.001"/>
  <testcase name="testPositiveOverlap4()" classname="demos.OverlappingRectanglesTest" time="0.0"/>
  <system-out><![CDATA[12 30
OverlappingRectangles error: the argument x4 is required
]]></system-out>
  <system-err><![CDATA[]]></system-err>
</testsuite>
