<?xml version="1.0" encoding="UTF-8"?>
<testsuite name="demos.WordSearchTest" tests="11" skipped="0" failures="0" errors="0" timestamp="2021-11-17T15:35:45" hostname="DESKTOP-VF6F7ON" time="0.015">
  <properties/>
  <testcase name="testWordgetWidth()" classname="demos.WordSearchTest" time="0.004"/>
  <testcase name="testWordgetGrid()" classname="demos.WordSearchTest" time="0.0"/>
  <testcase name="testWordSearchCoordinates()" classname="demos.WordSearchTest" time="0.0"/>
  <testcase name="testCoordinateNotFound()" classname="demos.WordSearchTest" time="0.0"/>
  <testcase name="testWordSearchNotFound()" classname="demos.WordSearchTest" time="0.0"/>
  <testcase name="testWordSearch()" classname="demos.WordSearchTest" time="0.0"/>
  <testcase name="testWordSearchCoordinatesSoft()" classname="demos.WordSearchTest" time="0.0"/>
  <testcase name="testWordSearchCoordinatesSenior()" classname="demos.WordSearchTest" time="0.0"/>
  <testcase name="testWordSearchLookLeft()" classname="demos.WordSearchTest" time="0.001"/>
  <testcase name="testWordSearchWithHeightAndWidth()" classname="demos.WordSearchTest" time="0.001"/>
  <testcase name="testWordgetHeight()" classname="demos.WordSearchTest" time="0.0"/>
  <system-out><![CDATA[]]></system-out>
  <system-err><![CDATA[]]></system-err>
</testsuite>
