<?xml version="1.0" encoding="UTF-8"?>
<testsuite name="demos.EquivalentStringsTest" tests="1" skipped="0" failures="0" errors="0" timestamp="2021-10-18T18:20:12" hostname="DESKTOP-VF6F7ON" time="0.037">
  <properties/>
  <testcase name="exampleTest()" classname="demos.EquivalentStringsTest" time="0.037"/>
  <system-out><![CDATA[]]></system-out>
  <system-err><![CDATA[]]></system-err>
</testsuite>
