<?xml version="1.0" encoding="UTF-8"?>
<testsuite name="edu.wofford.woclo.LineParserTest" tests="27" skipped="0" failures="0" errors="0" timestamp="2021-11-17T18:22:23" hostname="DESKTOP-VF6F7ON" time="0.14">
  <properties/>
  <testcase name="testParseToFloat()" classname="edu.wofford.woclo.LineParserTest" time="0.043"/>
  <testcase name="testShortNameString()" classname="edu.wofford.woclo.LineParserTest" time="0.003"/>
  <testcase name="testNamedNoValue2()" classname="edu.wofford.woclo.LineParserTest" time="0.004"/>
  <testcase name="testDoubleDashAfterNamed()" classname="edu.wofford.woclo.LineParserTest" time="0.002"/>
  <testcase name="testNamedValueFloat()" classname="edu.wofford.woclo.LineParserTest" time="0.006"/>
  <testcase name="testParseToString()" classname="edu.wofford.woclo.LineParserTest" time="0.001"/>
  <testcase name="testNamedNoValue()" classname="edu.wofford.woclo.LineParserTest" time="0.002"/>
  <testcase name="testTooManyArguments()" classname="edu.wofford.woclo.LineParserTest" time="0.002"/>
  <testcase name="testShortNameInt()" classname="edu.wofford.woclo.LineParserTest" time="0.001"/>
  <testcase name="testConvertFloatOptional2()" classname="edu.wofford.woclo.LineParserTest" time="0.002"/>
  <testcase name="testNoOptional()" classname="edu.wofford.woclo.LineParserTest" time="0.004"/>
  <testcase name="testParseToInteger()" classname="edu.wofford.woclo.LineParserTest" time="0.001"/>
  <testcase name="testOptional()" classname="edu.wofford.woclo.LineParserTest" time="0.001"/>
  <testcase name="testShortNameFloat()" classname="edu.wofford.woclo.LineParserTest" time="0.001"/>
  <testcase name="testConvertFloatOptional()" classname="edu.wofford.woclo.LineParserTest" time="0.002"/>
  <testcase name="testRequiredNoHelp()" classname="edu.wofford.woclo.LineParserTest" time="0.001"/>
  <testcase name="testOptionalWithDesc()" classname="edu.wofford.woclo.LineParserTest" time="0.002"/>
  <testcase name="testOptionalWithHelp()" classname="edu.wofford.woclo.LineParserTest" time="0.013"/>
  <testcase name="testConvertInt()" classname="edu.wofford.woclo.LineParserTest" time="0.001"/>
  <testcase name="testConvertIntOptional()" classname="edu.wofford.woclo.LineParserTest" time="0.002"/>
  <testcase name="testOptionalWithDashH()" classname="edu.wofford.woclo.LineParserTest" time="0.002"/>
  <testcase name="testOptionalWithFloat()" classname="edu.wofford.woclo.LineParserTest" time="0.0"/>
  <testcase name="testOptionalNoValue()" classname="edu.wofford.woclo.LineParserTest" time="0.002"/>
  <testcase name="testOptionalAfterOptional()" classname="edu.wofford.woclo.LineParserTest" time="0.0"/>
  <testcase name="testOptionalWithHelpDifferentTypes()" classname="edu.wofford.woclo.LineParserTest" time="0.002"/>
  <testcase name="testConvertFloat()" classname="edu.wofford.woclo.LineParserTest" time="0.002"/>
  <testcase name="testTooFewArguments()" classname="edu.wofford.woclo.LineParserTest" time="0.002"/>
  <system-out><![CDATA[usage: null

null

positional arguments:
 X            (integer)     Length
 Y            (integer)     Width
 Z            (integer)     Height

named arguments:
 -h, --help   show this help message and exit
 --type TYPE  (string)       (default: Box)
usage: null

null

positional arguments:
 X            (integer)     Length
 Y            (integer)     Width
 Z            (integer)     Height

named arguments:
 -h, --help   show this help message and exit
 --type TYPE  (string)       (default: Box)
usage: null

null

positional arguments:
 X            (float)       Length
 Y            (string)      Width
 Z            (integer)     Height

named arguments:
 -h, --help   show this help message and exit
 --box BOX    (float)        (default: Box)
 --type TYPE  (integer)      (default: Box)
]]></system-out>
  <system-err><![CDATA[]]></system-err>
</testsuite>
