<?xml version="1.0" encoding="UTF-8"?>
<testsuite name="edu.wofford.woclo.TestyTest" tests="15" skipped="0" failures="0" errors="0" timestamp="2021-10-20T16:35:08" hostname="DESKTOP-VF6F7ON" time="0.087">
  <properties/>
  <testcase name="testGetPosition()" classname="edu.wofford.woclo.TestyTest" time="0.038"/>
  <testcase name="testGetPosition2()" classname="edu.wofford.woclo.TestyTest" time="0.01"/>
  <testcase name="testGetArgsArray()" classname="edu.wofford.woclo.TestyTest" time="0.001"/>
  <testcase name="testLineParserLessArgsThanLength()" classname="edu.wofford.woclo.TestyTest" time="0.002"/>
  <testcase name="testLineParserConstructorNoArguments()" classname="edu.wofford.woclo.TestyTest" time="0.003"/>
  <testcase name="testLineParserMoreArgsThanLength()" classname="edu.wofford.woclo.TestyTest" time="0.001"/>
  <testcase name="testLineParserMoreArgsThanLengthWithH()" classname="edu.wofford.woclo.TestyTest" time="0.001"/>
  <testcase name="testGetArgsArray2()" classname="edu.wofford.woclo.TestyTest" time="0.0"/>
  <testcase name="testLineParserNotEmpty()" classname="edu.wofford.woclo.TestyTest" time="0.002"/>
  <testcase name="testLineParserLessArgsThanLengthWithH()" classname="edu.wofford.woclo.TestyTest" time="0.002"/>
  <testcase name="testLineParserGetHelp()" classname="edu.wofford.woclo.TestyTest" time="0.001"/>
  <testcase name="testSetArgs()" classname="edu.wofford.woclo.TestyTest" time="0.001"/>
  <testcase name="testSetArgsWithHelpWithoutHelpMessage()" classname="edu.wofford.woclo.TestyTest" time="0.009"/>
  <testcase name="testSetArgsWithHelp()" classname="edu.wofford.woclo.TestyTest" time="0.001"/>
  <testcase name="testSetArgs2()" classname="edu.wofford.woclo.TestyTest" time="0.001"/>
  <system-out><![CDATA[
Help Info
]]></system-out>
  <system-err><![CDATA[]]></system-err>
</testsuite>
