<?xml version="1.0" encoding="UTF-8"?>
<testsuite name="edu.wofford.woclo.testyTest" tests="7" skipped="0" failures="0" errors="0" timestamp="2021-10-19T02:53:26" hostname="DESKTOP-VF6F7ON" time="0.06">
  <properties/>
  <testcase name="testLineParserDetectHelp()" classname="edu.wofford.woclo.testyTest" time="0.036"/>
  <testcase name="testLineParserLessArgsThanLength()" classname="edu.wofford.woclo.testyTest" time="0.009"/>
  <testcase name="testLineParserConstructorNoArguments()" classname="edu.wofford.woclo.testyTest" time="0.001"/>
  <testcase name="testLineParserDetectHelpFalse()" classname="edu.wofford.woclo.testyTest" time="0.002"/>
  <testcase name="testLineParserMoreArgsThanLength()" classname="edu.wofford.woclo.testyTest" time="0.002"/>
  <testcase name="testLineParserNotEmpty()" classname="edu.wofford.woclo.testyTest" time="0.001"/>
  <testcase name="testLineParserDetectDashH()" classname="edu.wofford.woclo.testyTest" time="0.002"/>
  <system-out><![CDATA[

]]></system-out>
  <system-err><![CDATA[]]></system-err>
</testsuite>
