<?xml version="1.0" encoding="UTF-8"?>
<testsuite name="edu.wofford.woclo.TestyTest" tests="6" skipped="0" failures="0" errors="0" timestamp="2021-10-20T02:22:41" hostname="DESKTOP-VF6F7ON" time="0.061">
  <properties/>
  <testcase name="testLineParserH()" classname="edu.wofford.woclo.TestyTest" time="0.046"/>
  <testcase name="testLineParserLessArgsThanLength()" classname="edu.wofford.woclo.TestyTest" time="0.001"/>
  <testcase name="testLineParserConstructorNoArguments()" classname="edu.wofford.woclo.TestyTest" time="0.003"/>
  <testcase name="testLineParserMoreArgsThanLength()" classname="edu.wofford.woclo.TestyTest" time="0.002"/>
  <testcase name="testLineParserNotEmpty()" classname="edu.wofford.woclo.TestyTest" time="0.001"/>
  <testcase name="testLineParserHelp()" classname="edu.wofford.woclo.TestyTest" time="0.002"/>
  <system-out><![CDATA[]]></system-out>
  <system-err><![CDATA[]]></system-err>
</testsuite>
